Iteration 1, PSNR: 4.904644499228686, SSIM: 0.0501429014839232
Iteration 2, PSNR: 4.557655832212727, SSIM: 0.04933210533733169
Iteration 3, PSNR: 4.268373388272453, SSIM: 0.03669185216228167
Iteration 4, PSNR: 4.220940806831068, SSIM: 0.0275338853088518
Iteration 5, PSNR: 4.2253886981586275, SSIM: 0.02655208275342981
Iteration 6, PSNR: 4.242147745330783, SSIM: 0.02677479013800621
Iteration 7, PSNR: 4.260785518944703, SSIM: 0.0273515653796494
Iteration 8, PSNR: 4.280727469509104, SSIM: 0.02820280563707153
Iteration 1, PSNR: 5.473891316694044, SSIM: 0.040433369328578314
Iteration 2, PSNR: 5.571969574692152, SSIM: 0.05536123439669609
Iteration 3, PSNR: 5.70553128712739, SSIM: 0.07796591036021709
Iteration 4, PSNR: 5.6802069671648034, SSIM: 0.08105113344887892
Iteration 1, PSNR: 5.13630955664541, SSIM: 0.056975881879528366
Iteration 2, PSNR: 5.044584218487738, SSIM: 0.06218433280785878
Iteration 3, PSNR: 4.967238911100238, SSIM: 0.061730046197772025
Iteration 4, PSNR: 4.954654314864554, SSIM: 0.06491922661662101
Iteration 5, PSNR: 4.979471859827944, SSIM: 0.06834381992618242
Iteration 6, PSNR: 5.0194875541610795, SSIM: 0.07056034194926421
Iteration 7, PSNR: 5.0727183961337685, SSIM: 0.07291219209631285
Iteration 8, PSNR: 5.128546244427454, SSIM: 0.07501697726547718
Iteration 9, PSNR: 5.186683599501481, SSIM: 0.07710850288470586
Iteration 10, PSNR: 5.253924260115352, SSIM: 0.07926756565769513
Iteration 11, PSNR: 5.331416012114409, SSIM: 0.08266984298825264
Iteration 12, PSNR: 5.416862812921454, SSIM: 0.08696079204479853
Iteration 13, PSNR: 5.521403096943044, SSIM: 0.09315808191895485
Iteration 14, PSNR: 5.65254439426775, SSIM: 0.10063475370407104
Iteration 15, PSNR: 5.801476467836538, SSIM: 0.1077115518351396
Iteration 16, PSNR: 5.965748158877892, SSIM: 0.11554288441936175
Iteration 17, PSNR: 6.137542544931789, SSIM: 0.12138364091515541
Iteration 18, PSNR: 6.277681767270261, SSIM: 0.11733121499419212
Iteration 1, PSNR: 4.987349358470681, SSIM: -0.017761180472249786
Iteration 2, PSNR: 5.497605652270557, SSIM: 0.13079058627287546
Iteration 3, PSNR: 5.611645685212862, SSIM: 0.4478071679671605
Iteration 4, PSNR: 5.676738382098264, SSIM: 0.865559317668279
Iteration 5, PSNR: 5.749097672099395, SSIM: 1.231492273012797
Iteration 6, PSNR: 5.808258264351763, SSIM: 1.5167294025421143
Iteration 7, PSNR: 5.850213507117723, SSIM: 1.7352075775464375
Iteration 8, PSNR: 5.884185362809857, SSIM: 1.8817586382230123
Iteration 9, PSNR: 5.915155818881306, SSIM: 1.9709394892056784
Iteration 10, PSNR: 5.947151027435561, SSIM: 2.029243524869283
Iteration 11, PSNR: 5.980839826555657, SSIM: 2.0635680158933005
Iteration 12, PSNR: 6.017043294632369, SSIM: 2.0997626384099326
Iteration 13, PSNR: 6.053488256967599, SSIM: 2.135056738058726
Iteration 14, PSNR: 6.091780955900944, SSIM: 2.17584760983785
Iteration 15, PSNR: 6.135621846174861, SSIM: 2.2284158150355022
Iteration 16, PSNR: 6.185037798371741, SSIM: 2.3041120568911233
Iteration 17, PSNR: 6.237027237313451, SSIM: 2.416821829477946
Iteration 18, PSNR: 6.292467090777455, SSIM: 2.6018528858820598
Iteration 19, PSNR: 6.353209777758921, SSIM: 3.0734793663024904
Iteration 20, PSNR: 6.413907375033983, SSIM: 4.657945537567139
Iteration 21, PSNR: 6.4738808836385875, SSIM: 5.079747784137726
Iteration 1, PSNR: 3.7942544604973287, SSIM: 0.02579055851723145
Iteration 2, PSNR: 3.5922675280421688, SSIM: 0.367178703113071
Iteration 3, PSNR: 3.51165893084489, SSIM: 0.723176296055317
Iteration 4, PSNR: 3.4717659071055467, SSIM: 0.9330204685529073
Iteration 5, PSNR: 3.4507794046443108, SSIM: 1.022883011897405
Iteration 6, PSNR: 3.4402835471528377, SSIM: 1.132545538743337
Iteration 7, PSNR: 3.4354886932345665, SSIM: 1.2804216374953588
Iteration 8, PSNR: 3.433043959453971, SSIM: 1.4800154368082683
Iteration 9, PSNR: 3.4324349001130368, SSIM: 1.7307314972082772
Iteration 10, PSNR: 3.4330690872379734, SSIM: 1.9544483184814454
Iteration 100, PSNR: 8.982730432053124, SSIM: 10.277749173193548
Iteration 200, PSNR: 11.835145184631429, SSIM: 13.679081564388081
Iteration 300, PSNR: 13.547694787268671, SSIM: 36.38962366395071
Iteration 400, PSNR: 14.354817576091728, SSIM: 31.82474589061241
Iteration 500, PSNR: 14.27673294002081, SSIM: 24.495018252184632
Iteration 600, PSNR: 14.723140531082468, SSIM: 18.642221230816098
Iteration 700, PSNR: 14.808550824431904, SSIM: 19.6650334879832
Iteration 800, PSNR: 14.779399323689766, SSIM: 14.858533271822303
Iteration 900, PSNR: 14.805375019239616, SSIM: 19.745827125873433
Iteration 1000, PSNR: 14.734691563335138, SSIM: 18.5486573922125
Iteration 1100, PSNR: 14.922386187566298, SSIM: 20.34428261210335
Iteration 1200, PSNR: 14.87040008833257, SSIM: 14.488416765339672
Iteration 1300, PSNR: 14.76117168780985, SSIM: 10.671680665999652
Iteration 1400, PSNR: 14.00331281012393, SSIM: 18.276468585232898
Iteration 1500, PSNR: 15.288575127442801, SSIM: 12.758454721961403
Iteration 1600, PSNR: 15.287396934320595, SSIM: 10.859477707738677
Iteration 1700, PSNR: 14.845374305044766, SSIM: 9.113112406144541
Iteration 1800, PSNR: 15.274102030977735, SSIM: 8.458636403128507
Iteration 1900, PSNR: 14.957688790562544, SSIM: 15.902730479755748
Iteration 2000, PSNR: 15.174840677088113, SSIM: 11.185253428017099
Iteration 2100, PSNR: 15.100515978703015, SSIM: 8.285009543584039
Iteration 2200, PSNR: 15.179930978570635, SSIM: 7.7527013525168105
Iteration 2300, PSNR: 15.321299679588313, SSIM: 8.954042930996666
Iteration 2400, PSNR: 15.263965709397391, SSIM: 9.21587297552824
Iteration 2500, PSNR: 15.364935401961134, SSIM: 8.520710137018314
Iteration 2600, PSNR: 15.20907889741074, SSIM: 9.042030142515898
Iteration 2700, PSNR: 15.294638263717065, SSIM: 8.268826623386781
Iteration 2800, PSNR: 15.369042968819727, SSIM: 7.95086729838699
Iteration 2900, PSNR: 15.22575971300282, SSIM: 7.860525049545802
Iteration 3000, PSNR: 15.1950397187877, SSIM: 7.351180242148848
Iteration 3100, PSNR: 15.302102915773075, SSIM: 7.382683854411666
Iteration 3200, PSNR: 15.409538132582348, SSIM: 6.8765538463545965
Iteration 3300, PSNR: 14.990386214420049, SSIM: 7.7772172793895
Iteration 3400, PSNR: 15.260913818802578, SSIM: 7.734268457340387
Iteration 3500, PSNR: 15.363771117702207, SSIM: 7.467000393563881
Iteration 3600, PSNR: 14.695305588049976, SSIM: 8.779149593661229
Iteration 3700, PSNR: 15.261586194059443, SSIM: 10.897421762687463
Iteration 3800, PSNR: 15.182516251655104, SSIM: 9.374877660001317
Iteration 3900, PSNR: 15.218373325160234, SSIM: 7.702092014569169
Iteration 4000, PSNR: 15.307795789017884, SSIM: 7.964858123692373
Iteration 4100, PSNR: 15.239217134332957, SSIM: 8.460800583600687
Iteration 4200, PSNR: 15.28068463688146, SSIM: 7.430862709293763
Iteration 4300, PSNR: 15.437691254718183, SSIM: 6.4955608524431785
Iteration 4400, PSNR: 15.541061733043456, SSIM: 5.844098367283742
Iteration 4500, PSNR: 15.281746314644202, SSIM: 6.2229038657844065
Iteration 4600, PSNR: 15.22824293455884, SSIM: 6.0792523052903515
Iteration 4700, PSNR: 15.33430890154528, SSIM: 7.0860848189058405
Iteration 4800, PSNR: 15.289004219800608, SSIM: 7.054439466505
Iteration 4900, PSNR: 15.474038322956357, SSIM: 6.541469450377238
Iteration 5000, PSNR: 15.299202874886099, SSIM: 7.2943892213640105
Iteration 5100, PSNR: 15.389565572559786, SSIM: 5.755602186222871
Iteration 5200, PSNR: 15.43153783958984, SSIM: 6.089582808626195
Iteration 5300, PSNR: 15.384858443337583, SSIM: 6.9013644258851805
Iteration 5400, PSNR: 15.3508328030462, SSIM: 6.151337183227143
Iteration 5500, PSNR: 15.456455838572854, SSIM: 5.290294011195502
Iteration 5600, PSNR: 15.140632859750202, SSIM: 7.168012857615948
Iteration 5700, PSNR: 15.414722740539283, SSIM: 5.781252837530648
Iteration 5800, PSNR: 15.311998779767356, SSIM: 6.515931590860089
Iteration 5900, PSNR: 15.381435652113309, SSIM: 5.497626807104797
Iteration 6000, PSNR: 15.193048289362933, SSIM: 6.903952282997468
Iteration 6100, PSNR: 15.40597731508742, SSIM: 5.44075447951133
Iteration 6200, PSNR: 15.36167754999581, SSIM: 5.565618705841403
Iteration 6300, PSNR: 15.520910643135126, SSIM: 5.362101643372171
Iteration 6400, PSNR: 15.471232715179466, SSIM: 5.0281724076177925
Iteration 6500, PSNR: 15.464953570421558, SSIM: 5.157677090515692
Iteration 6600, PSNR: 15.443758570810225, SSIM: 5.222078157414993
Iteration 6700, PSNR: 15.524895235109504, SSIM: 4.933057567273577
Iteration 6800, PSNR: 15.444018428712587, SSIM: 6.086234928275304
Iteration 6900, PSNR: 15.355895389064406, SSIM: 5.89741736255203
Iteration 7000, PSNR: 15.436079278255145, SSIM: 5.554380555560192
Iteration 7100, PSNR: 15.336775924622188, SSIM: 6.901059486504645
Iteration 7200, PSNR: 15.345271451634389, SSIM: 5.248800120525062
Iteration 7300, PSNR: 15.302157597963328, SSIM: 5.330203775841122
Iteration 7400, PSNR: 15.357880297241636, SSIM: 5.840358217919556
Iteration 7500, PSNR: 15.254908676312963, SSIM: 5.955261556384464
Iteration 7600, PSNR: 15.496354755627378, SSIM: 5.009885254283125
Iteration 7700, PSNR: 15.416654785536302, SSIM: 5.24856850728408
Iteration 7800, PSNR: 15.497086685657457, SSIM: 5.012804049199446
Iteration 7900, PSNR: 15.276030508476275, SSIM: 5.402921043943614
Iteration 8000, PSNR: 15.30812833308721, SSIM: 5.0720545896291735
Iteration 8100, PSNR: 15.437177689880473, SSIM: 5.014162530720234
Iteration 8200, PSNR: 15.434317973512107, SSIM: 5.135576459576871
Iteration 8300, PSNR: 15.443347676171747, SSIM: 5.548466779133927
Iteration 8400, PSNR: 15.266735577347035, SSIM: 5.177850625790655
Iteration 8500, PSNR: 15.513831766708277, SSIM: 5.014899339169264
Iteration 8600, PSNR: 15.42277177824382, SSIM: 5.662051747848591
Iteration 8700, PSNR: 15.42255382332723, SSIM: 5.173459350158771
Iteration 8800, PSNR: 15.095208104306401, SSIM: 5.526762000297507
Iteration 8900, PSNR: 15.160821526503474, SSIM: 6.090135182226075
Iteration 9000, PSNR: 15.272071785262106, SSIM: 5.0820104910369075
Iteration 9100, PSNR: 15.290699637378168, SSIM: 5.825605782444898
Iteration 9200, PSNR: 15.371539550937467, SSIM: 5.381084805952386
Iteration 9300, PSNR: 15.38543877748751, SSIM: 5.07357189439858
Iteration 9400, PSNR: 15.35756259508546, SSIM: 5.13129202945282
