Iteration 1, PSNR: 4.780378836180801, SSIM: 0.07919422512253126
Iteration 2, PSNR: 4.7804960794098115, SSIM: 0.05180867488185565
Iteration 3, PSNR: 4.694605992691195, SSIM: 0.035888896758357686
Iteration 4, PSNR: 4.619617995005899, SSIM: 0.036914191643397015
Iteration 5, PSNR: 4.589608621562101, SSIM: 0.03995935159424941
Iteration 6, PSNR: 4.586122498683143, SSIM: 0.04154340388874213
Iteration 7, PSNR: 4.59614592617029, SSIM: 0.041328629354635875
Iteration 8, PSNR: 4.609092905320505, SSIM: 0.04007950214048227
Iteration 1, PSNR: 4.579966393945687, SSIM: 0.07526000632594029
Iteration 2, PSNR: 4.490400308304615, SSIM: 0.10240524318069219
Iteration 3, PSNR: 4.545383167370513, SSIM: 0.1756245975693067
Iteration 4, PSNR: 4.599206864777482, SSIM: 0.357222656160593
Iteration 5, PSNR: 4.62599436459382, SSIM: 0.5190537929534913
Iteration 6, PSNR: 4.663479910324351, SSIM: 0.63542167643706
Iteration 7, PSNR: 4.693724668100102, SSIM: 0.7422541081905365
Iteration 100, PSNR: 10.66162233660649, SSIM: 1.1104640188465515
Iteration 200, PSNR: 11.850861305086744, SSIM: 3.0109678074518835
Iteration 300, PSNR: 12.475186679558103, SSIM: 3.2688934716184934
Iteration 400, PSNR: 13.147932809669022, SSIM: 3.1964222750067703
Iteration 500, PSNR: 13.309930584893609, SSIM: 3.2692105001608525
Iteration 600, PSNR: 13.336276230899339, SSIM: 3.163443450967471
Iteration 700, PSNR: 13.476459989965512, SSIM: 3.3561321592926983
Iteration 800, PSNR: 13.549733094818285, SSIM: 3.0981041510105136
Iteration 900, PSNR: 13.767376489146274, SSIM: 3.0534797719319657
Iteration 1000, PSNR: 13.70020788681289, SSIM: 3.3823393623232842
Iteration 1100, PSNR: 13.455882151637274, SSIM: 3.6482809780836107
Iteration 1200, PSNR: 13.776762669500515, SSIM: 3.941020545442899
Iteration 1300, PSNR: 13.535210764081087, SSIM: 3.3543933317065244
Iteration 1400, PSNR: 13.685207533773683, SSIM: 3.4600521856943764
Iteration 1500, PSNR: 13.914356610302029, SSIM: 3.5318231394688286
Iteration 1600, PSNR: 14.270745330356657, SSIM: 3.599330381254356
Iteration 1700, PSNR: 14.33146158978303, SSIM: 3.490354924639066
Iteration 1800, PSNR: 14.119331984145262, SSIM: 3.4273642465273535
Iteration 1900, PSNR: 14.133440023499563, SSIM: 3.6492283530831333
Iteration 2000, PSNR: 14.134768455799302, SSIM: 3.7728708861668903
Iteration 2100, PSNR: 14.088756784866234, SSIM: 3.296959184010824
Iteration 2200, PSNR: 14.212929958584327, SSIM: 3.8895515014330546
Iteration 2300, PSNR: 14.17922069604553, SSIM: 3.647518312970797
Iteration 2400, PSNR: 14.257632575565141, SSIM: 3.814744089245796
